Start program: 2024-10-02
ArrayList
add, ID = 1,400
add, ID = 2,300
add, ID = 3,100
add, ID = 4,100
add, ID = 5,100
add, ID = 6,100
add, ID = 7,100
add, ID = 8,100
add, ID = 9,100
add, ID = 10,100
add, ID = 11,900
add, ID = 12,100
add, ID = 13,100
add, ID = 14,100
add, ID = 15,0
add, ID = 16,400
add, ID = 17,100
add, ID = 18,100
add, ID = 19,100
add, ID = 20,200
add, ID = 21,100
add, ID = 22,100
add, ID = 23,600
add, ID = 24,100
add, ID = 25,0
add, ID = 26,100
add, ID = 27,100
add, ID = 28,100
add, ID = 29,100
add, ID = 30,100
add, ID = 31,100
add, ID = 32,100
add, ID = 33,100
add, ID = 34,700
add, ID = 35,100
add, ID = 36,100
add, ID = 37,0
add, ID = 38,100
add, ID = 39,100
add, ID = 40,100
add, ID = 41,0
add, ID = 42,100
add, ID = 43,100
add, ID = 44,100
add, ID = 45,100
add, ID = 46,100
add, ID = 47,100
add, ID = 48,100
add, ID = 49,0
add, ID = 50,1400
add, ID = 51,100
add, ID = 52,100
add, ID = 53,100
add, ID = 54,100
add, ID = 55,100
add, ID = 56,100
add, ID = 57,100
add, ID = 58,100
add, ID = 59,100
add, ID = 60,200
add, ID = 61,100
add, ID = 62,800
add, ID = 63,100
add, ID = 64,100
add, ID = 65,100
add, ID = 66,200
add, ID = 67,100
add, ID = 68,100
add, ID = 69,100
add, ID = 70,0
add, ID = 71,100
add, ID = 72,0
add, ID = 73,300
add, ID = 74,600
add, ID = 75,100
add, ID = 76,0
add, ID = 77,0
add, ID = 78,0
add, ID = 79,0
add, ID = 80,100
add, ID = 81,0
add, ID = 82,100
add, ID = 83,100
add, ID = 84,0
add, ID = 85,0
add, ID = 86,0
add, ID = 87,0
add, ID = 88,0
add, ID = 89,0
add, ID = 90,0
add, ID = 91,0
add, ID = 92,100
add, ID = 93,100
add, ID = 94,100
add, ID = 95,0
add, ID = 96,100
add, ID = 97,0
add, ID = 98,100
add, ID = 99,0
add, ID = 100,0
addTotalCount =100
addTotalTime =13300
addMediumTime =133
remove, ID = 32, 4300.0
remove, ID = 66, 1100.0
remove, ID = 76, 1000.0
remove, ID = 84, 1000.0
remove, ID = 61, 900.0
remove, ID = 53, 800.0
remove, ID = 49, 900.0
remove, ID = 18, 800.0
remove, ID = 72, 700.0
remove, ID = 3, 800.0
removeTotalCount = 10
removeTotalTime = 12300
removeMedianTime = 1230
Finish program
