Start program: 2024-10-15
ArrayList
add, ID = 1,300
add, ID = 2,200
add, ID = 3,0
add, ID = 4,100
add, ID = 5,0
add, ID = 6,100
add, ID = 7,0
add, ID = 8,100
add, ID = 9,400
add, ID = 10,100
add, ID = 11,1700
add, ID = 12,100
add, ID = 13,100
add, ID = 14,0
add, ID = 15,100
add, ID = 16,500
add, ID = 17,0
add, ID = 18,100
add, ID = 19,0
add, ID = 20,0
add, ID = 21,100
add, ID = 22,100
add, ID = 23,500
add, ID = 24,0
add, ID = 25,0
add, ID = 26,0
add, ID = 27,0
add, ID = 28,0
add, ID = 29,0
add, ID = 30,100
add, ID = 31,0
add, ID = 32,0
add, ID = 33,0
add, ID = 34,2500
add, ID = 35,0
add, ID = 36,0
add, ID = 37,100
add, ID = 38,100
add, ID = 39,0
add, ID = 40,0
add, ID = 41,100
add, ID = 42,100
add, ID = 43,0
add, ID = 44,0
add, ID = 45,100
add, ID = 46,100
add, ID = 47,100
add, ID = 48,100
add, ID = 49,100
add, ID = 50,1200
add, ID = 51,0
add, ID = 52,100
add, ID = 53,100
add, ID = 54,100
add, ID = 55,0
add, ID = 56,0
add, ID = 57,0
add, ID = 58,100
add, ID = 59,0
add, ID = 60,100
add, ID = 61,0
add, ID = 62,0
add, ID = 63,100
add, ID = 64,0
add, ID = 65,0
add, ID = 66,0
add, ID = 67,100
add, ID = 68,0
add, ID = 69,100
add, ID = 70,100
add, ID = 71,100
add, ID = 72,100
add, ID = 73,100
add, ID = 74,500
add, ID = 75,0
add, ID = 76,100
add, ID = 77,0
add, ID = 78,0
add, ID = 79,0
add, ID = 80,0
add, ID = 81,100
add, ID = 82,100
add, ID = 83,100
add, ID = 84,0
add, ID = 85,100
add, ID = 86,0
add, ID = 87,0
add, ID = 88,0
add, ID = 89,100
add, ID = 90,100
add, ID = 91,100
add, ID = 92,100
add, ID = 93,100
add, ID = 94,100
add, ID = 95,200
add, ID = 96,100
add, ID = 97,200
add, ID = 98,100
add, ID = 99,0
add, ID = 100,0
add, ID = 101,100
add, ID = 102,100
add, ID = 103,0
add, ID = 104,100
add, ID = 105,0
add, ID = 106,0
add, ID = 107,0
add, ID = 108,100
add, ID = 109,100
add, ID = 110,1400
add, ID = 111,0
add, ID = 112,100
add, ID = 113,0
add, ID = 114,0
add, ID = 115,100
add, ID = 116,100
add, ID = 117,100
add, ID = 118,100
add, ID = 119,100
add, ID = 120,0
add, ID = 121,100
add, ID = 122,100
add, ID = 123,0
add, ID = 124,0
add, ID = 125,100
add, ID = 126,0
add, ID = 127,0
add, ID = 128,0
add, ID = 129,0
add, ID = 130,100
add, ID = 131,0
add, ID = 132,0
add, ID = 133,0
add, ID = 134,0
add, ID = 135,100
add, ID = 136,0
add, ID = 137,0
add, ID = 138,0
add, ID = 139,100
add, ID = 140,0
add, ID = 141,100
add, ID = 142,0
add, ID = 143,100
add, ID = 144,100
add, ID = 145,100
add, ID = 146,0
add, ID = 147,0
add, ID = 148,0
add, ID = 149,0
add, ID = 150,100
add, ID = 151,0
add, ID = 152,0
add, ID = 153,0
add, ID = 154,100
add, ID = 155,0
add, ID = 156,0
add, ID = 157,100
add, ID = 158,0
add, ID = 159,100
add, ID = 160,0
add, ID = 161,0
add, ID = 162,0
add, ID = 163,0
add, ID = 164,1200
add, ID = 165,100
add, ID = 166,100
add, ID = 167,0
add, ID = 168,100
add, ID = 169,100
add, ID = 170,0
add, ID = 171,0
add, ID = 172,0
add, ID = 173,0
add, ID = 174,100
add, ID = 175,0
add, ID = 176,100
add, ID = 177,0
add, ID = 178,0
add, ID = 179,0
add, ID = 180,0
add, ID = 181,0
add, ID = 182,0
add, ID = 183,100
add, ID = 184,0
add, ID = 185,100
add, ID = 186,0
add, ID = 187,0
add, ID = 188,0
add, ID = 189,100
add, ID = 190,100
add, ID = 191,0
add, ID = 192,0
add, ID = 193,0
add, ID = 194,0
add, ID = 195,0
add, ID = 196,100
add, ID = 197,0
add, ID = 198,0
add, ID = 199,0
add, ID = 200,100
add, ID = 201,0
add, ID = 202,100
add, ID = 203,0
add, ID = 204,100
add, ID = 205,100
add, ID = 206,0
add, ID = 207,100
add, ID = 208,0
add, ID = 209,0
add, ID = 210,100
add, ID = 211,100
add, ID = 212,100
add, ID = 213,100
add, ID = 214,100
add, ID = 215,100
add, ID = 216,100
add, ID = 217,100
add, ID = 218,100
add, ID = 219,0
add, ID = 220,100
add, ID = 221,0
add, ID = 222,0
add, ID = 223,0
add, ID = 224,100
add, ID = 225,0
add, ID = 226,0
add, ID = 227,100
add, ID = 228,100
add, ID = 229,100
add, ID = 230,0
add, ID = 231,100
add, ID = 232,100
add, ID = 233,100
add, ID = 234,100
add, ID = 235,0
add, ID = 236,100
add, ID = 237,100
add, ID = 238,100
add, ID = 239,100
add, ID = 240,0
add, ID = 241,0
add, ID = 242,0
add, ID = 243,0
add, ID = 244,100
add, ID = 245,1800
add, ID = 246,0
add, ID = 247,0
add, ID = 248,0
add, ID = 249,100
add, ID = 250,0
add, ID = 251,100
add, ID = 252,100
add, ID = 253,100
add, ID = 254,0
add, ID = 255,100
add, ID = 256,100
add, ID = 257,100
add, ID = 258,0
add, ID = 259,0
add, ID = 260,0
add, ID = 261,0
add, ID = 262,0
add, ID = 263,100
add, ID = 264,0
add, ID = 265,0
add, ID = 266,0
add, ID = 267,0
add, ID = 268,100
add, ID = 269,300
add, ID = 270,0
add, ID = 271,0
add, ID = 272,100
add, ID = 273,0
add, ID = 274,100
add, ID = 275,0
add, ID = 276,0
add, ID = 277,100
add, ID = 278,0
add, ID = 279,0
add, ID = 280,0
add, ID = 281,100
add, ID = 282,100
add, ID = 283,100
add, ID = 284,100
add, ID = 285,100
add, ID = 286,100
add, ID = 287,0
add, ID = 288,0
add, ID = 289,100
add, ID = 290,0
add, ID = 291,100
add, ID = 292,0
add, ID = 293,100
add, ID = 294,100
add, ID = 295,0
add, ID = 296,0
add, ID = 297,100
add, ID = 298,0
add, ID = 299,100
add, ID = 300,100
add, ID = 301,100
add, ID = 302,0
add, ID = 303,0
add, ID = 304,100
add, ID = 305,0
add, ID = 306,0
add, ID = 307,100
add, ID = 308,0
add, ID = 309,0
add, ID = 310,0
add, ID = 311,0
add, ID = 312,0
add, ID = 313,0
add, ID = 314,0
add, ID = 315,100
add, ID = 316,100
add, ID = 317,0
add, ID = 318,100
add, ID = 319,0
add, ID = 320,0
add, ID = 321,100
add, ID = 322,100
add, ID = 323,0
add, ID = 324,100
add, ID = 325,0
add, ID = 326,0
add, ID = 327,0
add, ID = 328,0
add, ID = 329,0
add, ID = 330,0
add, ID = 331,0
add, ID = 332,100
add, ID = 333,100
add, ID = 334,0
add, ID = 335,0
add, ID = 336,100
add, ID = 337,0
add, ID = 338,0
add, ID = 339,0
add, ID = 340,100
add, ID = 341,0
add, ID = 342,100
add, ID = 343,100
add, ID = 344,0
add, ID = 345,0
add, ID = 346,0
add, ID = 347,0
add, ID = 348,100
add, ID = 349,0
add, ID = 350,0
add, ID = 351,0
add, ID = 352,100
add, ID = 353,100
add, ID = 354,100
add, ID = 355,0
add, ID = 356,100
add, ID = 357,100
add, ID = 358,100
add, ID = 359,0
add, ID = 360,0
add, ID = 361,0
add, ID = 362,100
add, ID = 363,100
add, ID = 364,0
add, ID = 365,100
add, ID = 366,0
add, ID = 367,1400
add, ID = 368,100
add, ID = 369,100
add, ID = 370,0
add, ID = 371,0
add, ID = 372,100
add, ID = 373,0
add, ID = 374,0
add, ID = 375,0
add, ID = 376,0
add, ID = 377,100
add, ID = 378,100
add, ID = 379,0
add, ID = 380,100
add, ID = 381,100
add, ID = 382,100
add, ID = 383,100
add, ID = 384,0
add, ID = 385,0
add, ID = 386,100
add, ID = 387,0
add, ID = 388,100
add, ID = 389,0
add, ID = 390,100
add, ID = 391,100
add, ID = 392,0
add, ID = 393,0
add, ID = 394,100
add, ID = 395,100
add, ID = 396,0
add, ID = 397,0
add, ID = 398,0
add, ID = 399,0
add, ID = 400,100
add, ID = 401,0
add, ID = 402,200
add, ID = 403,100
add, ID = 404,0
add, ID = 405,100
add, ID = 406,0
add, ID = 407,100
add, ID = 408,100
add, ID = 409,100
add, ID = 410,100
add, ID = 411,100
add, ID = 412,0
add, ID = 413,0
add, ID = 414,0
add, ID = 415,0
add, ID = 416,0
add, ID = 417,100
add, ID = 418,100
add, ID = 419,100
add, ID = 420,100
add, ID = 421,100
add, ID = 422,100
add, ID = 423,0
add, ID = 424,0
add, ID = 425,100
add, ID = 426,100
add, ID = 427,0
add, ID = 428,0
add, ID = 429,100
add, ID = 430,0
add, ID = 431,0
add, ID = 432,100
add, ID = 433,100
add, ID = 434,100
add, ID = 435,0
add, ID = 436,0
add, ID = 437,100
add, ID = 438,0
add, ID = 439,100
add, ID = 440,0
add, ID = 441,0
add, ID = 442,100
add, ID = 443,0
add, ID = 444,0
add, ID = 445,0
add, ID = 446,100
add, ID = 447,0
add, ID = 448,0
add, ID = 449,100
add, ID = 450,0
add, ID = 451,0
add, ID = 452,100
add, ID = 453,0
add, ID = 454,0
add, ID = 455,0
add, ID = 456,0
add, ID = 457,100
add, ID = 458,100
add, ID = 459,0
add, ID = 460,0
add, ID = 461,100
add, ID = 462,0
add, ID = 463,100
add, ID = 464,100
add, ID = 465,0
add, ID = 466,100
add, ID = 467,100
add, ID = 468,100
add, ID = 469,100
add, ID = 470,0
add, ID = 471,0
add, ID = 472,0
add, ID = 473,0
add, ID = 474,0
add, ID = 475,0
add, ID = 476,100
add, ID = 477,0
add, ID = 478,0
add, ID = 479,0
add, ID = 480,0
add, ID = 481,0
add, ID = 482,0
add, ID = 483,100
add, ID = 484,100
add, ID = 485,0
add, ID = 486,0
add, ID = 487,100
add, ID = 488,0
add, ID = 489,0
add, ID = 490,0
add, ID = 491,0
add, ID = 492,0
add, ID = 493,0
add, ID = 494,0
add, ID = 495,100
add, ID = 496,0
add, ID = 497,100
add, ID = 498,100
add, ID = 499,100
add, ID = 500,100
add, ID = 501,0
add, ID = 502,0
add, ID = 503,0
add, ID = 504,0
add, ID = 505,100
add, ID = 506,100
add, ID = 507,0
add, ID = 508,0
add, ID = 509,100
add, ID = 510,100
add, ID = 511,0
add, ID = 512,100
add, ID = 513,0
add, ID = 514,0
add, ID = 515,100
add, ID = 516,100
add, ID = 517,0
add, ID = 518,0
add, ID = 519,0
add, ID = 520,0
add, ID = 521,100
add, ID = 522,0
add, ID = 523,0
add, ID = 524,0
add, ID = 525,0
add, ID = 526,100
add, ID = 527,0
add, ID = 528,0
add, ID = 529,0
add, ID = 530,0
add, ID = 531,100
add, ID = 532,0
add, ID = 533,0
add, ID = 534,0
add, ID = 535,0
add, ID = 536,100
add, ID = 537,100
add, ID = 538,0
add, ID = 539,100
add, ID = 540,0
add, ID = 541,0
add, ID = 542,100
add, ID = 543,0
add, ID = 544,0
add, ID = 545,100
add, ID = 546,100
add, ID = 547,0
add, ID = 548,100
add, ID = 549,0
add, ID = 550,4200
add, ID = 551,100
add, ID = 552,100
add, ID = 553,0
add, ID = 554,0
add, ID = 555,100
add, ID = 556,0
add, ID = 557,0
add, ID = 558,0
add, ID = 559,100
add, ID = 560,100
add, ID = 561,100
add, ID = 562,0
add, ID = 563,0
add, ID = 564,0
add, ID = 565,0
add, ID = 566,100
add, ID = 567,100
add, ID = 568,0
add, ID = 569,100
add, ID = 570,0
add, ID = 571,100
add, ID = 572,100
add, ID = 573,0
add, ID = 574,0
add, ID = 575,100
add, ID = 576,0
add, ID = 577,100
add, ID = 578,100
add, ID = 579,0
add, ID = 580,100
add, ID = 581,0
add, ID = 582,0
add, ID = 583,0
add, ID = 584,100
add, ID = 585,0
add, ID = 586,100
add, ID = 587,0
add, ID = 588,0
add, ID = 589,0
add, ID = 590,0
add, ID = 591,100
add, ID = 592,100
add, ID = 593,100
add, ID = 594,100
add, ID = 595,0
add, ID = 596,100
add, ID = 597,100
add, ID = 598,100
add, ID = 599,0
add, ID = 600,0
add, ID = 601,0
add, ID = 602,0
add, ID = 603,0
add, ID = 604,0
add, ID = 605,0
add, ID = 606,100
add, ID = 607,100
add, ID = 608,0
add, ID = 609,100
add, ID = 610,0
add, ID = 611,0
add, ID = 612,100
add, ID = 613,0
add, ID = 614,0
add, ID = 615,100
add, ID = 616,100
add, ID = 617,100
add, ID = 618,100
add, ID = 619,0
add, ID = 620,100
add, ID = 621,100
add, ID = 622,100
add, ID = 623,0
add, ID = 624,100
add, ID = 625,0
add, ID = 626,0
add, ID = 627,0
add, ID = 628,0
add, ID = 629,0
add, ID = 630,100
add, ID = 631,0
add, ID = 632,0
add, ID = 633,100
add, ID = 634,500
add, ID = 635,0
add, ID = 636,100
add, ID = 637,0
add, ID = 638,100
add, ID = 639,0
add, ID = 640,100
add, ID = 641,0
add, ID = 642,0
add, ID = 643,100
add, ID = 644,100
add, ID = 645,0
add, ID = 646,100
add, ID = 647,0
add, ID = 648,0
add, ID = 649,0
add, ID = 650,100
add, ID = 651,0
add, ID = 652,0
add, ID = 653,0
add, ID = 654,0
add, ID = 655,0
add, ID = 656,100
add, ID = 657,0
add, ID = 658,0
add, ID = 659,100
add, ID = 660,100
add, ID = 661,0
add, ID = 662,100
add, ID = 663,0
add, ID = 664,0
add, ID = 665,100
add, ID = 666,0
add, ID = 667,0
add, ID = 668,100
add, ID = 669,0
add, ID = 670,100
add, ID = 671,100
add, ID = 672,0
add, ID = 673,0
add, ID = 674,0
add, ID = 675,100
add, ID = 676,0
add, ID = 677,100
add, ID = 678,0
add, ID = 679,0
add, ID = 680,100
add, ID = 681,0
add, ID = 682,0
add, ID = 683,100
add, ID = 684,100
add, ID = 685,100
add, ID = 686,100
add, ID = 687,100
add, ID = 688,0
add, ID = 689,100
add, ID = 690,0
add, ID = 691,100
add, ID = 692,0
add, ID = 693,100
add, ID = 694,100
add, ID = 695,100
add, ID = 696,0
add, ID = 697,0
add, ID = 698,0
add, ID = 699,0
add, ID = 700,0
add, ID = 701,100
add, ID = 702,0
add, ID = 703,0
add, ID = 704,0
add, ID = 705,100
add, ID = 706,100
add, ID = 707,100
add, ID = 708,0
add, ID = 709,0
add, ID = 710,0
add, ID = 711,0
add, ID = 712,0
add, ID = 713,0
add, ID = 714,100
add, ID = 715,0
add, ID = 716,0
add, ID = 717,100
add, ID = 718,0
add, ID = 719,100
add, ID = 720,0
add, ID = 721,0
add, ID = 722,0
add, ID = 723,0
add, ID = 724,0
add, ID = 725,100
add, ID = 726,0
add, ID = 727,0
add, ID = 728,100
add, ID = 729,0
add, ID = 730,0
add, ID = 731,0
add, ID = 732,100
add, ID = 733,0
add, ID = 734,100
add, ID = 735,0
add, ID = 736,0
add, ID = 737,0
add, ID = 738,0
add, ID = 739,0
add, ID = 740,0
add, ID = 741,100
add, ID = 742,100
add, ID = 743,0
add, ID = 744,0
add, ID = 745,0
add, ID = 746,0
add, ID = 747,0
add, ID = 748,100
add, ID = 749,100
add, ID = 750,100
add, ID = 751,100
add, ID = 752,0
add, ID = 753,0
add, ID = 754,100
add, ID = 755,0
add, ID = 756,100
add, ID = 757,0
add, ID = 758,0
add, ID = 759,100
add, ID = 760,100
add, ID = 761,0
add, ID = 762,100
add, ID = 763,100
add, ID = 764,0
add, ID = 765,0
add, ID = 766,100
add, ID = 767,0
add, ID = 768,100
add, ID = 769,100
add, ID = 770,0
add, ID = 771,100
add, ID = 772,0
add, ID = 773,0
add, ID = 774,100
add, ID = 775,0
add, ID = 776,0
add, ID = 777,0
add, ID = 778,100
add, ID = 779,0
add, ID = 780,100
add, ID = 781,0
add, ID = 782,100
add, ID = 783,100
add, ID = 784,0
add, ID = 785,0
add, ID = 786,100
add, ID = 787,100
add, ID = 788,0
add, ID = 789,0
add, ID = 790,0
add, ID = 791,100
add, ID = 792,0
add, ID = 793,100
add, ID = 794,100
add, ID = 795,0
add, ID = 796,0
add, ID = 797,0
add, ID = 798,0
add, ID = 799,100
add, ID = 800,0
add, ID = 801,0
add, ID = 802,100
add, ID = 803,0
add, ID = 804,0
add, ID = 805,0
add, ID = 806,100
add, ID = 807,100
add, ID = 808,100
add, ID = 809,0
add, ID = 810,100
add, ID = 811,0
add, ID = 812,0
add, ID = 813,0
add, ID = 814,100
add, ID = 815,100
add, ID = 816,0
add, ID = 817,100
add, ID = 818,0
add, ID = 819,100
add, ID = 820,0
add, ID = 821,0
add, ID = 822,100
add, ID = 823,100
add, ID = 824,1500
add, ID = 825,0
add, ID = 826,100
add, ID = 827,0
add, ID = 828,0
add, ID = 829,100
add, ID = 830,0
add, ID = 831,100
add, ID = 832,0
add, ID = 833,100
add, ID = 834,0
add, ID = 835,100
add, ID = 836,0
add, ID = 837,0
add, ID = 838,100
add, ID = 839,0
add, ID = 840,0
add, ID = 841,100
add, ID = 842,100
add, ID = 843,0
add, ID = 844,0
add, ID = 845,100
add, ID = 846,0
add, ID = 847,100
add, ID = 848,0
add, ID = 849,0
add, ID = 850,0
add, ID = 851,0
add, ID = 852,0
add, ID = 853,0
add, ID = 854,0
add, ID = 855,0
add, ID = 856,100
add, ID = 857,0
add, ID = 858,0
add, ID = 859,100
add, ID = 860,0
add, ID = 861,0
add, ID = 862,0
add, ID = 863,0
add, ID = 864,0
add, ID = 865,100
add, ID = 866,0
add, ID = 867,0
add, ID = 868,0
add, ID = 869,100
add, ID = 870,0
add, ID = 871,100
add, ID = 872,0
add, ID = 873,100
add, ID = 874,100
add, ID = 875,0
add, ID = 876,0
add, ID = 877,0
add, ID = 878,100
add, ID = 879,0
add, ID = 880,0
add, ID = 881,100
add, ID = 882,0
add, ID = 883,0
add, ID = 884,0
add, ID = 885,0
add, ID = 886,100
add, ID = 887,100
add, ID = 888,0
add, ID = 889,100
add, ID = 890,0
add, ID = 891,100
add, ID = 892,0
add, ID = 893,0
add, ID = 894,100
add, ID = 895,0
add, ID = 896,0
add, ID = 897,100
add, ID = 898,0
add, ID = 899,100
add, ID = 900,0
add, ID = 901,0
add, ID = 902,0
add, ID = 903,0
add, ID = 904,100
add, ID = 905,0
add, ID = 906,100
add, ID = 907,0
add, ID = 908,0
add, ID = 909,0
add, ID = 910,0
add, ID = 911,0
add, ID = 912,0
add, ID = 913,0
add, ID = 914,0
add, ID = 915,0
add, ID = 916,0
add, ID = 917,0
add, ID = 918,100
add, ID = 919,0
add, ID = 920,0
add, ID = 921,0
add, ID = 922,0
add, ID = 923,100
add, ID = 924,100
add, ID = 925,0
add, ID = 926,100
add, ID = 927,100
add, ID = 928,100
add, ID = 929,0
add, ID = 930,0
add, ID = 931,0
add, ID = 932,100
add, ID = 933,0
add, ID = 934,0
add, ID = 935,0
add, ID = 936,100
add, ID = 937,100
add, ID = 938,200
add, ID = 939,0
add, ID = 940,100
add, ID = 941,0
add, ID = 942,0
add, ID = 943,100
add, ID = 944,0
add, ID = 945,100
add, ID = 946,100
add, ID = 947,0
add, ID = 948,100
add, ID = 949,0
add, ID = 950,0
add, ID = 951,100
add, ID = 952,100
add, ID = 953,0
add, ID = 954,0
add, ID = 955,100
add, ID = 956,0
add, ID = 957,0
add, ID = 958,100
add, ID = 959,100
add, ID = 960,0
add, ID = 961,100
add, ID = 962,0
add, ID = 963,0
add, ID = 964,100
add, ID = 965,100
add, ID = 966,100
add, ID = 967,100
add, ID = 968,100
add, ID = 969,0
add, ID = 970,0
add, ID = 971,0
add, ID = 972,100
add, ID = 973,0
add, ID = 974,100
add, ID = 975,100
add, ID = 976,0
add, ID = 977,0
add, ID = 978,0
add, ID = 979,0
add, ID = 980,0
add, ID = 981,0
add, ID = 982,0
add, ID = 983,0
add, ID = 984,0
add, ID = 985,100
add, ID = 986,100
add, ID = 987,100
add, ID = 988,0
add, ID = 989,100
add, ID = 990,100
add, ID = 991,0
add, ID = 992,0
add, ID = 993,0
add, ID = 994,100
add, ID = 995,0
add, ID = 996,100
add, ID = 997,100
add, ID = 998,100
add, ID = 999,0
add, ID = 1000,0
addTotalCount =1000
addTotalTime =62400
addMediumTime =62
remove, ID = 225, 4100.0
remove, ID = 290, 1000.0
remove, ID = 735, 700.0
remove, ID = 514, 600.0
remove, ID = 146, 800.0
remove, ID = 741, 400.0
remove, ID = 461, 500.0
remove, ID = 886, 500.0
remove, ID = 830, 700.0
remove, ID = 418, 500.0
remove, ID = 766, 500.0
remove, ID = 542, 500.0
remove, ID = 756, 400.0
remove, ID = 200, 700.0
remove, ID = 950, 400.0
remove, ID = 961, 300.0
remove, ID = 900, 400.0
remove, ID = 930, 200.0
remove, ID = 787, 400.0
remove, ID = 67, 600.0
remove, ID = 368, 400.0
remove, ID = 143, 500.0
remove, ID = 884, 200.0
remove, ID = 836, 300.0
remove, ID = 674, 400.0
remove, ID = 158, 500.0
remove, ID = 277, 400.0
remove, ID = 443, 400.0
remove, ID = 527, 300.0
remove, ID = 56, 400.0
remove, ID = 490, 400.0
remove, ID = 309, 500.0
remove, ID = 311, 400.0
remove, ID = 293, 400.0
remove, ID = 451, 300.0
remove, ID = 385, 400.0
remove, ID = 545, 400.0
remove, ID = 588, 400.0
remove, ID = 391, 300.0
remove, ID = 569, 300.0
remove, ID = 243, 500.0
remove, ID = 902, 400.0
remove, ID = 367, 600.0
remove, ID = 830, 300.0
remove, ID = 442, 400.0
remove, ID = 276, 500.0
remove, ID = 131, 400.0
remove, ID = 800, 300.0
remove, ID = 915, 200.0
remove, ID = 193, 400.0
remove, ID = 895, 300.0
remove, ID = 123, 500.0
remove, ID = 833, 300.0
remove, ID = 96, 400.0
remove, ID = 723, 300.0
remove, ID = 720, 200.0
remove, ID = 695, 300.0
remove, ID = 378, 400.0
remove, ID = 800, 400.0
remove, ID = 14, 500.0
remove, ID = 698, 500.0
remove, ID = 83, 500.0
remove, ID = 546, 500.0
remove, ID = 564, 400.0
remove, ID = 445, 500.0
remove, ID = 860, 300.0
remove, ID = 336, 400.0
remove, ID = 739, 200.0
remove, ID = 687, 300.0
remove, ID = 569, 400.0
remove, ID = 926, 200.0
remove, ID = 76, 500.0
remove, ID = 616, 300.0
remove, ID = 426, 300.0
remove, ID = 117, 400.0
remove, ID = 333, 500.0
remove, ID = 831, 200.0
remove, ID = 589, 300.0
remove, ID = 879, 300.0
remove, ID = 51, 500.0
remove, ID = 906, 300.0
remove, ID = 903, 200.0
remove, ID = 579, 300.0
remove, ID = 575, 300.0
remove, ID = 842, 300.0
remove, ID = 462, 300.0
remove, ID = 526, 300.0
remove, ID = 838, 300.0
remove, ID = 231, 400.0
remove, ID = 882, 200.0
remove, ID = 888, 300.0
remove, ID = 246, 400.0
remove, ID = 853, 200.0
remove, ID = 785, 300.0
remove, ID = 770, 300.0
remove, ID = 55, 400.0
remove, ID = 555, 400.0
remove, ID = 725, 300.0
remove, ID = 15, 500.0
remove, ID = 232, 500.0
removeTotalCount = 100
removeTotalTime = 43400
removeMedianTime = 434
Finish program
