Start program: 2024-10-31
HashMap
add, ID = 1,700
add, ID = 2,100
add, ID = 3,0
add, ID = 4,100
add, ID = 5,100
add, ID = 6,100
add, ID = 7,100
add, ID = 8,0
add, ID = 9,800
add, ID = 10,0
add, ID = 11,0
add, ID = 12,0
add, ID = 13,2000
add, ID = 14,0
add, ID = 15,0
add, ID = 16,0
add, ID = 17,100
add, ID = 18,100
add, ID = 19,100
add, ID = 20,100
add, ID = 21,0
add, ID = 22,0
add, ID = 23,0
add, ID = 24,0
add, ID = 25,1300
add, ID = 26,0
add, ID = 27,400
add, ID = 28,0
add, ID = 29,100
add, ID = 30,0
add, ID = 31,100
add, ID = 32,0
add, ID = 33,100
add, ID = 34,100
add, ID = 35,100
add, ID = 36,100
add, ID = 37,0
add, ID = 38,100
add, ID = 39,0
add, ID = 40,100
add, ID = 41,100
add, ID = 42,0
add, ID = 43,100
add, ID = 44,100
add, ID = 45,100
add, ID = 46,100
add, ID = 47,0
add, ID = 48,0
add, ID = 49,4000
add, ID = 50,100
add, ID = 51,100
add, ID = 52,100
add, ID = 53,3800
add, ID = 54,0
add, ID = 55,0
add, ID = 56,100
add, ID = 57,0
add, ID = 58,100
add, ID = 59,100
add, ID = 60,100
add, ID = 61,0
add, ID = 62,100
add, ID = 63,100
add, ID = 64,0
add, ID = 65,0
add, ID = 66,1400
add, ID = 67,0
add, ID = 68,100
add, ID = 69,100
add, ID = 70,0
add, ID = 71,0
add, ID = 72,100
add, ID = 73,100
add, ID = 74,0
add, ID = 75,100
add, ID = 76,100
add, ID = 77,0
add, ID = 78,100
add, ID = 79,200
add, ID = 80,0
add, ID = 81,100
add, ID = 82,0
add, ID = 83,0
add, ID = 84,0
add, ID = 85,100
add, ID = 86,100
add, ID = 87,100
add, ID = 88,0
add, ID = 89,100
add, ID = 90,100
add, ID = 91,100
add, ID = 92,100
add, ID = 93,100
add, ID = 94,100
add, ID = 95,100
add, ID = 96,100
add, ID = 97,7600
add, ID = 98,0
add, ID = 99,0
add, ID = 100,100
addTotalCount =100
addTotalTime =27300
addMediumTime =273
remove, ID = 52, 6000.0
remove, ID = 63, 800.0
remove, ID = 45, 500.0
remove, ID = 91, 500.0
remove, ID = 58, 400.0
remove, ID = 10, 400.0
remove, ID = 36, 400.0
remove, ID = 43, 200.0
remove, ID = 89, 300.0
remove, ID = 7, 200.0
removeTotalCount = 10
removeTotalTime = 9700
removeMedianTime = 970
Finish program
