Start program: 2024-10-02
HashMap
add, ID = 1,200
add, ID = 2,0
add, ID = 3,100
add, ID = 4,100
add, ID = 5,0
add, ID = 6,0
add, ID = 7,0
add, ID = 8,0
add, ID = 9,0
add, ID = 10,0
add, ID = 11,0
add, ID = 12,0
add, ID = 13,200
add, ID = 14,100
add, ID = 15,0
add, ID = 16,0
add, ID = 17,100
add, ID = 18,0
add, ID = 19,100
add, ID = 20,0
add, ID = 21,100
add, ID = 22,100
add, ID = 23,100
add, ID = 24,100
add, ID = 25,200
add, ID = 26,0
add, ID = 27,0
add, ID = 28,0
add, ID = 29,100
add, ID = 30,0
add, ID = 31,0
add, ID = 32,0
add, ID = 33,100
add, ID = 34,100
add, ID = 35,100
add, ID = 36,0
add, ID = 37,100
add, ID = 38,100
add, ID = 39,0
add, ID = 40,0
add, ID = 41,0
add, ID = 42,0
add, ID = 43,100
add, ID = 44,0
add, ID = 45,100
add, ID = 46,0
add, ID = 47,0
add, ID = 48,100
add, ID = 49,200
add, ID = 50,0
add, ID = 51,0
add, ID = 52,0
add, ID = 53,100
add, ID = 54,100
add, ID = 55,0
add, ID = 56,100
add, ID = 57,0
add, ID = 58,100
add, ID = 59,100
add, ID = 60,0
add, ID = 61,100
add, ID = 62,0
add, ID = 63,0
add, ID = 64,0
add, ID = 65,0
add, ID = 66,0
add, ID = 67,100
add, ID = 68,100
add, ID = 69,100
add, ID = 70,0
add, ID = 71,0
add, ID = 72,0
add, ID = 73,0
add, ID = 74,0
add, ID = 75,0
add, ID = 76,0
add, ID = 77,0
add, ID = 78,0
add, ID = 79,100
add, ID = 80,100
add, ID = 81,100
add, ID = 82,0
add, ID = 83,100
add, ID = 84,100
add, ID = 85,100
add, ID = 86,0
add, ID = 87,100
add, ID = 88,100
add, ID = 89,100
add, ID = 90,100
add, ID = 91,0
add, ID = 92,100
add, ID = 93,100
add, ID = 94,100
add, ID = 95,100
add, ID = 96,100
add, ID = 97,300
add, ID = 98,0
add, ID = 99,0
add, ID = 100,100
add, ID = 101,100
add, ID = 102,0
add, ID = 103,0
add, ID = 104,0
add, ID = 105,0
add, ID = 106,0
add, ID = 107,100
add, ID = 108,0
add, ID = 109,0
add, ID = 110,0
add, ID = 111,100
add, ID = 112,0
add, ID = 113,0
add, ID = 114,0
add, ID = 115,0
add, ID = 116,0
add, ID = 117,100
add, ID = 118,100
add, ID = 119,100
add, ID = 120,100
add, ID = 121,0
add, ID = 122,0
add, ID = 123,0
add, ID = 124,100
add, ID = 125,0
add, ID = 126,100
add, ID = 127,100
add, ID = 128,0
add, ID = 129,0
add, ID = 130,0
add, ID = 131,0
add, ID = 132,0
add, ID = 133,100
add, ID = 134,100
add, ID = 135,0
add, ID = 136,0
add, ID = 137,100
add, ID = 138,0
add, ID = 139,100
add, ID = 140,0
add, ID = 141,0
add, ID = 142,100
add, ID = 143,0
add, ID = 144,0
add, ID = 145,0
add, ID = 146,100
add, ID = 147,100
add, ID = 148,100
add, ID = 149,100
add, ID = 150,100
add, ID = 151,0
add, ID = 152,100
add, ID = 153,100
add, ID = 154,100
add, ID = 155,0
add, ID = 156,0
add, ID = 157,0
add, ID = 158,0
add, ID = 159,100
add, ID = 160,100
add, ID = 161,0
add, ID = 162,100
add, ID = 163,0
add, ID = 164,100
add, ID = 165,0
add, ID = 166,100
add, ID = 167,0
add, ID = 168,100
add, ID = 169,100
add, ID = 170,100
add, ID = 171,0
add, ID = 172,0
add, ID = 173,0
add, ID = 174,100
add, ID = 175,0
add, ID = 176,0
add, ID = 177,0
add, ID = 178,0
add, ID = 179,0
add, ID = 180,0
add, ID = 181,100
add, ID = 182,100
add, ID = 183,0
add, ID = 184,100
add, ID = 185,0
add, ID = 186,0
add, ID = 187,0
add, ID = 188,100
add, ID = 189,100
add, ID = 190,0
add, ID = 191,0
add, ID = 192,0
add, ID = 193,600
add, ID = 194,100
add, ID = 195,0
add, ID = 196,0
add, ID = 197,100
add, ID = 198,0
add, ID = 199,100
add, ID = 200,100
add, ID = 201,0
add, ID = 202,0
add, ID = 203,100
add, ID = 204,0
add, ID = 205,100
add, ID = 206,100
add, ID = 207,100
add, ID = 208,0
add, ID = 209,100
add, ID = 210,100
add, ID = 211,0
add, ID = 212,0
add, ID = 213,0
add, ID = 214,0
add, ID = 215,0
add, ID = 216,0
add, ID = 217,100
add, ID = 218,0
add, ID = 219,100
add, ID = 220,0
add, ID = 221,0
add, ID = 222,0
add, ID = 223,0
add, ID = 224,100
add, ID = 225,100
add, ID = 226,100
add, ID = 227,100
add, ID = 228,0
add, ID = 229,0
add, ID = 230,100
add, ID = 231,100
add, ID = 232,100
add, ID = 233,0
add, ID = 234,0
add, ID = 235,0
add, ID = 236,100
add, ID = 237,0
add, ID = 238,0
add, ID = 239,0
add, ID = 240,0
add, ID = 241,0
add, ID = 242,0
add, ID = 243,100
add, ID = 244,0
add, ID = 245,0
add, ID = 246,0
add, ID = 247,0
add, ID = 248,0
add, ID = 249,0
add, ID = 250,100
add, ID = 251,100
add, ID = 252,0
add, ID = 253,0
add, ID = 254,0
add, ID = 255,100
add, ID = 256,0
add, ID = 257,0
add, ID = 258,0
add, ID = 259,0
add, ID = 260,0
add, ID = 261,0
add, ID = 262,100
add, ID = 263,100
add, ID = 264,100
add, ID = 265,100
add, ID = 266,0
add, ID = 267,0
add, ID = 268,0
add, ID = 269,100
add, ID = 270,0
add, ID = 271,0
add, ID = 272,0
add, ID = 273,100
add, ID = 274,0
add, ID = 275,0
add, ID = 276,0
add, ID = 277,100
add, ID = 278,0
add, ID = 279,0
add, ID = 280,100
add, ID = 281,0
add, ID = 282,0
add, ID = 283,0
add, ID = 284,0
add, ID = 285,0
add, ID = 286,100
add, ID = 287,100
add, ID = 288,100
add, ID = 289,100
add, ID = 290,100
add, ID = 291,100
add, ID = 292,100
add, ID = 293,0
add, ID = 294,100
add, ID = 295,0
add, ID = 296,100
add, ID = 297,0
add, ID = 298,100
add, ID = 299,100
add, ID = 300,0
add, ID = 301,0
add, ID = 302,0
add, ID = 303,100
add, ID = 304,100
add, ID = 305,0
add, ID = 306,0
add, ID = 307,100
add, ID = 308,0
add, ID = 309,0
add, ID = 310,0
add, ID = 311,100
add, ID = 312,0
add, ID = 313,0
add, ID = 314,100
add, ID = 315,0
add, ID = 316,0
add, ID = 317,100
add, ID = 318,0
add, ID = 319,0
add, ID = 320,0
add, ID = 321,0
add, ID = 322,0
add, ID = 323,0
add, ID = 324,0
add, ID = 325,100
add, ID = 326,0
add, ID = 327,0
add, ID = 328,100
add, ID = 329,0
add, ID = 330,0
add, ID = 331,100
add, ID = 332,100
add, ID = 333,0
add, ID = 334,0
add, ID = 335,100
add, ID = 336,100
add, ID = 337,0
add, ID = 338,0
add, ID = 339,0
add, ID = 340,100
add, ID = 341,0
add, ID = 342,0
add, ID = 343,100
add, ID = 344,100
add, ID = 345,0
add, ID = 346,0
add, ID = 347,100
add, ID = 348,0
add, ID = 349,100
add, ID = 350,100
add, ID = 351,100
add, ID = 352,0
add, ID = 353,100
add, ID = 354,0
add, ID = 355,0
add, ID = 356,0
add, ID = 357,0
add, ID = 358,100
add, ID = 359,0
add, ID = 360,0
add, ID = 361,0
add, ID = 362,100
add, ID = 363,100
add, ID = 364,0
add, ID = 365,100
add, ID = 366,100
add, ID = 367,0
add, ID = 368,100
add, ID = 369,100
add, ID = 370,0
add, ID = 371,0
add, ID = 372,0
add, ID = 373,100
add, ID = 374,100
add, ID = 375,100
add, ID = 376,0
add, ID = 377,100
add, ID = 378,0
add, ID = 379,0
add, ID = 380,0
add, ID = 381,0
add, ID = 382,0
add, ID = 383,100
add, ID = 384,0
add, ID = 385,1100
add, ID = 386,0
add, ID = 387,100
add, ID = 388,0
add, ID = 389,0
add, ID = 390,0
add, ID = 391,100
add, ID = 392,0
add, ID = 393,0
add, ID = 394,100
add, ID = 395,0
add, ID = 396,0
add, ID = 397,0
add, ID = 398,100
add, ID = 399,0
add, ID = 400,0
add, ID = 401,100
add, ID = 402,0
add, ID = 403,0
add, ID = 404,100
add, ID = 405,100
add, ID = 406,0
add, ID = 407,100
add, ID = 408,100
add, ID = 409,0
add, ID = 410,0
add, ID = 411,100
add, ID = 412,100
add, ID = 413,0
add, ID = 414,100
add, ID = 415,100
add, ID = 416,100
add, ID = 417,0
add, ID = 418,0
add, ID = 419,0
add, ID = 420,0
add, ID = 421,100
add, ID = 422,0
add, ID = 423,0
add, ID = 424,100
add, ID = 425,0
add, ID = 426,0
add, ID = 427,100
add, ID = 428,0
add, ID = 429,0
add, ID = 430,100
add, ID = 431,0
add, ID = 432,0
add, ID = 433,100
add, ID = 434,0
add, ID = 435,0
add, ID = 436,100
add, ID = 437,0
add, ID = 438,100
add, ID = 439,0
add, ID = 440,100
add, ID = 441,100
add, ID = 442,0
add, ID = 443,0
add, ID = 444,0
add, ID = 445,0
add, ID = 446,0
add, ID = 447,100
add, ID = 448,0
add, ID = 449,0
add, ID = 450,100
add, ID = 451,0
add, ID = 452,0
add, ID = 453,100
add, ID = 454,0
add, ID = 455,0
add, ID = 456,0
add, ID = 457,0
add, ID = 458,0
add, ID = 459,0
add, ID = 460,0
add, ID = 461,100
add, ID = 462,100
add, ID = 463,0
add, ID = 464,100
add, ID = 465,100
add, ID = 466,100
add, ID = 467,100
add, ID = 468,0
add, ID = 469,0
add, ID = 470,100
add, ID = 471,0
add, ID = 472,100
add, ID = 473,0
add, ID = 474,0
add, ID = 475,0
add, ID = 476,100
add, ID = 477,0
add, ID = 478,100
add, ID = 479,100
add, ID = 480,100
add, ID = 481,0
add, ID = 482,100
add, ID = 483,0
add, ID = 484,0
add, ID = 485,100
add, ID = 486,0
add, ID = 487,0
add, ID = 488,0
add, ID = 489,100
add, ID = 490,0
add, ID = 491,0
add, ID = 492,100
add, ID = 493,0
add, ID = 494,0
add, ID = 495,100
add, ID = 496,0
add, ID = 497,0
add, ID = 498,100
add, ID = 499,100
add, ID = 500,0
add, ID = 501,100
add, ID = 502,0
add, ID = 503,0
add, ID = 504,100
add, ID = 505,0
add, ID = 506,0
add, ID = 507,0
add, ID = 508,100
add, ID = 509,0
add, ID = 510,0
add, ID = 511,100
add, ID = 512,100
add, ID = 513,0
add, ID = 514,0
add, ID = 515,100
add, ID = 516,100
add, ID = 517,0
add, ID = 518,100
add, ID = 519,0
add, ID = 520,0
add, ID = 521,0
add, ID = 522,100
add, ID = 523,0
add, ID = 524,0
add, ID = 525,0
add, ID = 526,100
add, ID = 527,0
add, ID = 528,0
add, ID = 529,0
add, ID = 530,100
add, ID = 531,0
add, ID = 532,0
add, ID = 533,0
add, ID = 534,100
add, ID = 535,100
add, ID = 536,0
add, ID = 537,0
add, ID = 538,100
add, ID = 539,100
add, ID = 540,0
add, ID = 541,0
add, ID = 542,100
add, ID = 543,0
add, ID = 544,0
add, ID = 545,100
add, ID = 546,0
add, ID = 547,100
add, ID = 548,0
add, ID = 549,0
add, ID = 550,100
add, ID = 551,0
add, ID = 552,0
add, ID = 553,0
add, ID = 554,100
add, ID = 555,0
add, ID = 556,100
add, ID = 557,100
add, ID = 558,0
add, ID = 559,0
add, ID = 560,100
add, ID = 561,0
add, ID = 562,0
add, ID = 563,100
add, ID = 564,0
add, ID = 565,0
add, ID = 566,100
add, ID = 567,100
add, ID = 568,0
add, ID = 569,0
add, ID = 570,0
add, ID = 571,0
add, ID = 572,100
add, ID = 573,0
add, ID = 574,0
add, ID = 575,100
add, ID = 576,0
add, ID = 577,100
add, ID = 578,100
add, ID = 579,100
add, ID = 580,0
add, ID = 581,100
add, ID = 582,0
add, ID = 583,0
add, ID = 584,100
add, ID = 585,100
add, ID = 586,0
add, ID = 587,100
add, ID = 588,0
add, ID = 589,100
add, ID = 590,100
add, ID = 591,0
add, ID = 592,0
add, ID = 593,100
add, ID = 594,100
add, ID = 595,0
add, ID = 596,100
add, ID = 597,0
add, ID = 598,100
add, ID = 599,0
add, ID = 600,0
add, ID = 601,100
add, ID = 602,0
add, ID = 603,0
add, ID = 604,100
add, ID = 605,0
add, ID = 606,0
add, ID = 607,0
add, ID = 608,100
add, ID = 609,0
add, ID = 610,100
add, ID = 611,0
add, ID = 612,100
add, ID = 613,0
add, ID = 614,100
add, ID = 615,0
add, ID = 616,0
add, ID = 617,0
add, ID = 618,100
add, ID = 619,0
add, ID = 620,0
add, ID = 621,100
add, ID = 622,100
add, ID = 623,0
add, ID = 624,100
add, ID = 625,0
add, ID = 626,100
add, ID = 627,0
add, ID = 628,0
add, ID = 629,100
add, ID = 630,0
add, ID = 631,0
add, ID = 632,100
add, ID = 633,0
add, ID = 634,100
add, ID = 635,0
add, ID = 636,0
add, ID = 637,100
add, ID = 638,0
add, ID = 639,100
add, ID = 640,100
add, ID = 641,100
add, ID = 642,0
add, ID = 643,0
add, ID = 644,0
add, ID = 645,100
add, ID = 646,100
add, ID = 647,0
add, ID = 648,0
add, ID = 649,100
add, ID = 650,100
add, ID = 651,100
add, ID = 652,100
add, ID = 653,0
add, ID = 654,0
add, ID = 655,100
add, ID = 656,0
add, ID = 657,100
add, ID = 658,0
add, ID = 659,0
add, ID = 660,0
add, ID = 661,100
add, ID = 662,0
add, ID = 663,100
add, ID = 664,0
add, ID = 665,100
add, ID = 666,0
add, ID = 667,0
add, ID = 668,100
add, ID = 669,0
add, ID = 670,100
add, ID = 671,0
add, ID = 672,100
add, ID = 673,0
add, ID = 674,0
add, ID = 675,100
add, ID = 676,100
add, ID = 677,0
add, ID = 678,100
add, ID = 679,0
add, ID = 680,0
add, ID = 681,100
add, ID = 682,0
add, ID = 683,100
add, ID = 684,0
add, ID = 685,0
add, ID = 686,100
add, ID = 687,0
add, ID = 688,100
add, ID = 689,0
add, ID = 690,0
add, ID = 691,0
add, ID = 692,100
add, ID = 693,0
add, ID = 694,0
add, ID = 695,0
add, ID = 696,0
add, ID = 697,0
add, ID = 698,0
add, ID = 699,0
add, ID = 700,0
add, ID = 701,0
add, ID = 702,100
add, ID = 703,0
add, ID = 704,0
add, ID = 705,100
add, ID = 706,0
add, ID = 707,100
add, ID = 708,0
add, ID = 709,0
add, ID = 710,0
add, ID = 711,100
add, ID = 712,0
add, ID = 713,0
add, ID = 714,0
add, ID = 715,100
add, ID = 716,0
add, ID = 717,100
add, ID = 718,100
add, ID = 719,0
add, ID = 720,100
add, ID = 721,0
add, ID = 722,0
add, ID = 723,0
add, ID = 724,0
add, ID = 725,100
add, ID = 726,100
add, ID = 727,0
add, ID = 728,0
add, ID = 729,100
add, ID = 730,0
add, ID = 731,100
add, ID = 732,0
add, ID = 733,0
add, ID = 734,100
add, ID = 735,100
add, ID = 736,0
add, ID = 737,100
add, ID = 738,0
add, ID = 739,0
add, ID = 740,100
add, ID = 741,100
add, ID = 742,0
add, ID = 743,0
add, ID = 744,100
add, ID = 745,0
add, ID = 746,0
add, ID = 747,0
add, ID = 748,100
add, ID = 749,0
add, ID = 750,100
add, ID = 751,100
add, ID = 752,0
add, ID = 753,0
add, ID = 754,0
add, ID = 755,100
add, ID = 756,100
add, ID = 757,0
add, ID = 758,100
add, ID = 759,100
add, ID = 760,0
add, ID = 761,100
add, ID = 762,0
add, ID = 763,100
add, ID = 764,100
add, ID = 765,0
add, ID = 766,100
add, ID = 767,100
add, ID = 768,0
add, ID = 769,2200
add, ID = 770,0
add, ID = 771,100
add, ID = 772,0
add, ID = 773,100
add, ID = 774,0
add, ID = 775,0
add, ID = 776,100
add, ID = 777,0
add, ID = 778,100
add, ID = 779,100
add, ID = 780,0
add, ID = 781,100
add, ID = 782,0
add, ID = 783,0
add, ID = 784,100
add, ID = 785,0
add, ID = 786,0
add, ID = 787,100
add, ID = 788,0
add, ID = 789,100
add, ID = 790,0
add, ID = 791,0
add, ID = 792,0
add, ID = 793,0
add, ID = 794,100
add, ID = 795,0
add, ID = 796,0
add, ID = 797,0
add, ID = 798,100
add, ID = 799,100
add, ID = 800,0
add, ID = 801,0
add, ID = 802,100
add, ID = 803,0
add, ID = 804,0
add, ID = 805,0
add, ID = 806,0
add, ID = 807,100
add, ID = 808,100
add, ID = 809,0
add, ID = 810,100
add, ID = 811,0
add, ID = 812,100
add, ID = 813,0
add, ID = 814,0
add, ID = 815,100
add, ID = 816,0
add, ID = 817,0
add, ID = 818,0
add, ID = 819,100
add, ID = 820,0
add, ID = 821,100
add, ID = 822,0
add, ID = 823,100
add, ID = 824,100
add, ID = 825,100
add, ID = 826,0
add, ID = 827,100
add, ID = 828,100
add, ID = 829,0
add, ID = 830,100
add, ID = 831,0
add, ID = 832,0
add, ID = 833,0
add, ID = 834,0
add, ID = 835,100
add, ID = 836,0
add, ID = 837,0
add, ID = 838,100
add, ID = 839,0
add, ID = 840,0
add, ID = 841,0
add, ID = 842,100
add, ID = 843,0
add, ID = 844,100
add, ID = 845,100
add, ID = 846,100
add, ID = 847,0
add, ID = 848,0
add, ID = 849,100
add, ID = 850,0
add, ID = 851,0
add, ID = 852,100
add, ID = 853,0
add, ID = 854,0
add, ID = 855,100
add, ID = 856,0
add, ID = 857,100
add, ID = 858,0
add, ID = 859,100
add, ID = 860,0
add, ID = 861,0
add, ID = 862,100
add, ID = 863,0
add, ID = 864,0
add, ID = 865,0
add, ID = 866,100
add, ID = 867,0
add, ID = 868,100
add, ID = 869,0
add, ID = 870,100
add, ID = 871,0
add, ID = 872,100
add, ID = 873,0
add, ID = 874,0
add, ID = 875,100
add, ID = 876,0
add, ID = 877,100
add, ID = 878,100
add, ID = 879,0
add, ID = 880,100
add, ID = 881,100
add, ID = 882,100
add, ID = 883,100
add, ID = 884,0
add, ID = 885,100
add, ID = 886,0
add, ID = 887,100
add, ID = 888,0
add, ID = 889,0
add, ID = 890,0
add, ID = 891,100
add, ID = 892,0
add, ID = 893,100
add, ID = 894,0
add, ID = 895,100
add, ID = 896,100
add, ID = 897,0
add, ID = 898,0
add, ID = 899,100
add, ID = 900,0
add, ID = 901,100
add, ID = 902,0
add, ID = 903,0
add, ID = 904,0
add, ID = 905,100
add, ID = 906,0
add, ID = 907,0
add, ID = 908,0
add, ID = 909,0
add, ID = 910,100
add, ID = 911,0
add, ID = 912,0
add, ID = 913,0
add, ID = 914,0
add, ID = 915,100
add, ID = 916,0
add, ID = 917,0
add, ID = 918,100
add, ID = 919,0
add, ID = 920,100
add, ID = 921,0
add, ID = 922,100
add, ID = 923,100
add, ID = 924,0
add, ID = 925,0
add, ID = 926,100
add, ID = 927,0
add, ID = 928,100
add, ID = 929,0
add, ID = 930,0
add, ID = 931,100
add, ID = 932,0
add, ID = 933,100
add, ID = 934,0
add, ID = 935,100
add, ID = 936,0
add, ID = 937,0
add, ID = 938,100
add, ID = 939,0
add, ID = 940,100
add, ID = 941,0
add, ID = 942,0
add, ID = 943,100
add, ID = 944,0
add, ID = 945,100
add, ID = 946,0
add, ID = 947,0
add, ID = 948,100
add, ID = 949,0
add, ID = 950,0
add, ID = 951,0
add, ID = 952,100
add, ID = 953,0
add, ID = 954,0
add, ID = 955,100
add, ID = 956,0
add, ID = 957,0
add, ID = 958,0
add, ID = 959,100
add, ID = 960,0
add, ID = 961,0
add, ID = 962,100
add, ID = 963,0
add, ID = 964,100
add, ID = 965,100
add, ID = 966,0
add, ID = 967,100
add, ID = 968,0
add, ID = 969,0
add, ID = 970,100
add, ID = 971,0
add, ID = 972,0
add, ID = 973,100
add, ID = 974,0
add, ID = 975,100
add, ID = 976,0
add, ID = 977,0
add, ID = 978,100
add, ID = 979,0
add, ID = 980,0
add, ID = 981,0
add, ID = 982,0
add, ID = 983,0
add, ID = 984,0
add, ID = 985,100
add, ID = 986,0
add, ID = 987,0
add, ID = 988,100
add, ID = 989,0
add, ID = 990,100
add, ID = 991,100
add, ID = 992,100
add, ID = 993,0
add, ID = 994,0
add, ID = 995,100
add, ID = 996,100
add, ID = 997,0
add, ID = 998,0
add, ID = 999,100
add, ID = 1000,0
addTotalCount =1000
addTotalTime =45400
addMediumTime =45
remove, ID = 569, 5300.0
remove, ID = 846, 800.0
remove, ID = 734, 400.0
remove, ID = 738, 300.0
remove, ID = 58, 800.0
remove, ID = 306, 500.0
remove, ID = 54, 400.0
remove, ID = 606, 400.0
remove, ID = 756, 300.0
remove, ID = 267, 400.0
remove, ID = 341, 300.0
remove, ID = 581, 800.0
remove, ID = 680, 400.0
remove, ID = 817, 300.0
remove, ID = 860, 400.0
remove, ID = 946, 300.0
remove, ID = 697, 200.0
remove, ID = 610, 300.0
remove, ID = 147, 400.0
remove, ID = 226, 400.0
remove, ID = 867, 300.0
remove, ID = 496, 300.0
remove, ID = 482, 400.0
remove, ID = 653, 300.0
remove, ID = 542, 200.0
remove, ID = 4, 400.0
remove, ID = 27, 200.0
remove, ID = 220, 300.0
remove, ID = 129, 400.0
remove, ID = 764, 200.0
remove, ID = 265, 300.0
remove, ID = 704, 300.0
remove, ID = 941, 300.0
remove, ID = 191, 400.0
remove, ID = 20, 600.0
remove, ID = 845, 1200.0
remove, ID = 711, 500.0
remove, ID = 493, 300.0
remove, ID = 141, 300.0
remove, ID = 699, 400.0
remove, ID = 609, 500.0
remove, ID = 378, 400.0
remove, ID = 123, 3100.0
remove, ID = 862, 1400.0
remove, ID = 542, 200.0
remove, ID = 784, 500.0
remove, ID = 516, 300.0
remove, ID = 36, 400.0
remove, ID = 680, 200.0
remove, ID = 509, 700.0
remove, ID = 462, 300.0
remove, ID = 632, 400.0
remove, ID = 304, 300.0
remove, ID = 922, 3900.0
remove, ID = 932, 1200.0
remove, ID = 867, 200.0
remove, ID = 453, 300.0
remove, ID = 446, 300.0
remove, ID = 562, 700.0
remove, ID = 280, 400.0
remove, ID = 512, 300.0
remove, ID = 457, 400.0
remove, ID = 170, 300.0
remove, ID = 17, 300.0
remove, ID = 331, 300.0
remove, ID = 456, 800.0
remove, ID = 469, 300.0
remove, ID = 224, 300.0
remove, ID = 816, 300.0
remove, ID = 197, 300.0
remove, ID = 542, 100.0
remove, ID = 882, 300.0
remove, ID = 9, 200.0
remove, ID = 831, 300.0
remove, ID = 81, 300.0
remove, ID = 65, 300.0
remove, ID = 200, 300.0
remove, ID = 209, 300.0
remove, ID = 702, 300.0
remove, ID = 800, 300.0
remove, ID = 355, 300.0
remove, ID = 696, 700.0
remove, ID = 822, 300.0
remove, ID = 598, 300.0
remove, ID = 773, 300.0
remove, ID = 620, 300.0
remove, ID = 86, 300.0
remove, ID = 245, 300.0
remove, ID = 621, 300.0
remove, ID = 859, 300.0
remove, ID = 124, 200.0
remove, ID = 842, 300.0
remove, ID = 586, 400.0
remove, ID = 855, 300.0
remove, ID = 516, 200.0
remove, ID = 379, 500.0
remove, ID = 635, 300.0
remove, ID = 55, 300.0
remove, ID = 713, 300.0
remove, ID = 827, 300.0
removeTotalCount = 100
removeTotalTime = 49500
removeMedianTime = 495
Finish program
